12:22:38 **** Incremental Build of configuration Debug for project Assignnment9 ****
make all 
make: Nothing to be done for 'all'.
12:45:20 **** Incremental Build of configuration Debug for project Assignnment9 ****
make all 
Building file: ../src/Hash.cpp
Invoking: GCC C++ Compiler
g++ -O0 -g3 -Wall -c -fmessage-length=0 -MMD -MP -MF"src/Hash.d" -MT"src/Hash.o" -o "src/Hash.o" "../src/Hash.cpp"
Finished building: ../src/Hash.cpp
 
Building target: Assignnment9
Invoking: GCC C++ Linker
g++  -o "Assignnment9"  ./src/Assignnment9.o ./src/Hash.o   
Finished building target: Assignnment9
 
12:57:05 **** Incremental Build of configuration Debug for project Assignnment9 ****
make all 
Building file: ../src/Hash.cpp
Invoking: GCC C++ Compiler
g++ -O0 -g3 -Wall -c -fmessage-length=0 -MMD -MP -MF"src/Hash.d" -MT"src/Hash.o" -o "src/Hash.o" "../src/Hash.cpp"
../src/Hash.cpp: In member function ‘void Hash::insert()’:
../src/Hash.cpp:22:19: error: no matching function for call to ‘getline(char [50], int)’
  getline(r.name,50);
                   ^
In file included from /usr/include/c++/7/cstdio:42:0,
                 from /usr/include/c++/7/ext/string_conversions.h:43,
                 from /usr/include/c++/7/bits/basic_string.h:6352,
                 from /usr/include/c++/7/string:52,
                 from /usr/include/c++/7/bits/locale_classes.h:40,
                 from /usr/include/c++/7/bits/ios_base.h:41,
                 from /usr/include/c++/7/ios:42,
                 from /usr/include/c++/7/ostream:38,
                 from /usr/include/c++/7/iostream:39,
                 from ../src/Hash.cpp:8:
/usr/include/stdio.h:616:20: note: candidate: __ssize_t getline(char**, size_t*, FILE*)
 extern _IO_ssize_t getline (char **__restrict __lineptr,
                    ^~~~~~~
/usr/include/stdio.h:616:20: note:   candidate expects 3 arguments, 2 provided
In file included from /usr/include/c++/7/string:52:0,
                 from /usr/include/c++/7/bits/locale_classes.h:40,
                 from /usr/include/c++/7/bits/ios_base.h:41,
                 from /usr/include/c++/7/ios:42,
                 from /usr/include/c++/7/ostream:38,
                 from /usr/include/c++/7/iostream:39,
                 from ../src/Hash.cpp:8:
/usr/include/c++/7/bits/basic_string.h:6330:5: note: candidate: template<class _CharT, class _Traits, class _Alloc> std::basic_istream<_CharT, _Traits>& std::getline(std::basic_istream<_CharT, _Traits>&&, std::__cxx11::basic_string<_CharT, _Traits, _Alloc>&)
     getline(basic_istream<_CharT, _Traits>&& __is,
     ^~~~~~~
/usr/include/c++/7/bits/basic_string.h:6330:5: note:   template argument deduction/substitution failed:
../src/Hash.cpp:22:19: note:   mismatched types ‘std::basic_istream<_CharT, _Traits>’ and ‘char [50]’
  getline(r.name,50);
                   ^
In file included from /usr/include/c++/7/string:52:0,
                 from /usr/include/c++/7/bits/locale_classes.h:40,
                 from /usr/include/c++/7/bits/ios_base.h:41,
                 from /usr/include/c++/7/ios:42,
                 from /usr/include/c++/7/ostream:38,
                 from /usr/include/c++/7/iostream:39,
                 from ../src/Hash.cpp:8:
/usr/include/c++/7/bits/basic_string.h:6323:5: note: candidate: template<class _CharT, class _Traits, class _Alloc> std::basic_istream<_CharT, _Traits>& std::getline(std::basic_istream<_CharT, _Traits>&&, std::__cxx11::basic_string<_CharT, _Traits, _Alloc>&, _CharT)
     getline(basic_istream<_CharT, _Traits>&& __is,
     ^~~~~~~
/usr/include/c++/7/bits/basic_string.h:6323:5: note:   template argument deduction/substitution failed:
../src/Hash.cpp:22:19: note:   mismatched types ‘std::basic_istream<_CharT, _Traits>’ and ‘char [50]’
  getline(r.name,50);
                   ^
In file included from /usr/include/c++/7/string:52:0,
                 from /usr/include/c++/7/bits/locale_classes.h:40,
                 from /usr/include/c++/7/bits/ios_base.h:41,
                 from /usr/include/c++/7/ios:42,
                 from /usr/include/c++/7/ostream:38,
                 from /usr/include/c++/7/iostream:39,
                 from ../src/Hash.cpp:8:
/usr/include/c++/7/bits/basic_string.h:6315:5: note: candidate: template<class _CharT, class _Traits, class _Alloc> std::basic_istream<_CharT, _Traits>& std::getline(std::basic_istream<_CharT, _Traits>&, std::__cxx11::basic_string<_CharT, _Traits, _Alloc>&)
     getline(basic_istream<_CharT, _Traits>& __is,
     ^~~~~~~
/usr/include/c++/7/bits/basic_string.h:6315:5: note:   template argument deduction/substitution failed:
../src/Hash.cpp:22:19: note:   mismatched types ‘std::basic_istream<_CharT, _Traits>’ and ‘char [50]’
  getline(r.name,50);
                   ^
In file included from /usr/include/c++/7/string:53:0,
                 from /usr/include/c++/7/bits/locale_classes.h:40,
                 from /usr/include/c++/7/bits/ios_base.h:41,
                 from /usr/include/c++/7/ios:42,
                 from /usr/include/c++/7/ostream:38,
                 from /usr/include/c++/7/iostream:39,
                 from ../src/Hash.cpp:8:
/usr/include/c++/7/bits/basic_string.tcc:1537:5: note: candidate: template<class _CharT, class _Traits, class _Alloc> std::basic_istream<_CharT, _Traits>& std::getline(std::basic_istream<_CharT, _Traits>&, std::__cxx11::basic_string<_CharT, _Traits, _Alloc>&, _CharT)
     getline(basic_istream<_CharT, _Traits>& __in,
     ^~~~~~~
/usr/include/c++/7/bits/basic_string.tcc:1537:5: note:   template argument deduction/substitution failed:
../src/Hash.cpp:22:19: note:   mismatched types ‘std::basic_istream<_CharT, _Traits>’ and ‘char [50]’
  getline(r.name,50);
                   ^
../src/Hash.cpp: In member function ‘Record Hash::search(long int)’:
../src/Hash.cpp:43:15: error: cannot convert ‘Record’ to ‘Record*’ in assignment
  r=hTable[hKey];
               ^
In file included from /usr/include/x86_64-linux-gnu/bits/_G_config.h:19:0,
                 from /usr/include/x86_64-linux-gnu/bits/libio.h:35,
                 from /usr/include/stdio.h:41,
                 from /usr/include/c++/7/cstdio:42,
                 from /usr/include/c++/7/ext/string_conversions.h:43,
                 from /usr/include/c++/7/bits/basic_string.h:6352,
                 from /usr/include/c++/7/string:52,
                 from /usr/include/c++/7/bits/locale_classes.h:40,
                 from /usr/include/c++/7/bits/ios_base.h:41,
                 from /usr/include/c++/7/ios:42,
                 from /usr/include/c++/7/ostream:38,
                 from /usr/include/c++/7/iostream:39,
                 from ../src/Hash.cpp:8:
../src/Hash.cpp:46:11: error: could not convert ‘0’ from ‘long int’ to ‘Record’
    return NULL;
           ^
../src/Hash.cpp:48:16: error: cannot convert ‘Record’ to ‘Record*’ in assignment
   r=hTable[hKey];
                ^
src/subdir.mk:21: recipe for target 'src/Hash.o' failed
make: *** [src/Hash.o] Error 1
12:57:23 **** Incremental Build of configuration Debug for project Assignnment9 ****
make all 
Building file: ../src/Hash.cpp
Invoking: GCC C++ Compiler
g++ -O0 -g3 -Wall -c -fmessage-length=0 -MMD -MP -MF"src/Hash.d" -MT"src/Hash.o" -o "src/Hash.o" "../src/Hash.cpp"
../src/Hash.cpp: In member function ‘void Hash::insert()’:
../src/Hash.cpp:22:19: error: no matching function for call to ‘getline(char [50], int)’
  getline(r.name,50);
                   ^
In file included from /usr/include/c++/7/cstdio:42:0,
                 from /usr/include/c++/7/ext/string_conversions.h:43,
                 from /usr/include/c++/7/bits/basic_string.h:6352,
                 from /usr/include/c++/7/string:52,
                 from /usr/include/c++/7/bits/locale_classes.h:40,
                 from /usr/include/c++/7/bits/ios_base.h:41,
                 from /usr/include/c++/7/ios:42,
                 from /usr/include/c++/7/ostream:38,
                 from /usr/include/c++/7/iostream:39,
                 from ../src/Hash.cpp:8:
/usr/include/stdio.h:616:20: note: candidate: __ssize_t getline(char**, size_t*, FILE*)
 extern _IO_ssize_t getline (char **__restrict __lineptr,
                    ^~~~~~~
/usr/include/stdio.h:616:20: note:   candidate expects 3 arguments, 2 provided
In file included from /usr/include/c++/7/string:52:0,
                 from /usr/include/c++/7/bits/locale_classes.h:40,
                 from /usr/include/c++/7/bits/ios_base.h:41,
                 from /usr/include/c++/7/ios:42,
                 from /usr/include/c++/7/ostream:38,
                 from /usr/include/c++/7/iostream:39,
                 from ../src/Hash.cpp:8:
/usr/include/c++/7/bits/basic_string.h:6330:5: note: candidate: template<class _CharT, class _Traits, class _Alloc> std::basic_istream<_CharT, _Traits>& std::getline(std::basic_istream<_CharT, _Traits>&&, std::__cxx11::basic_string<_CharT, _Traits, _Alloc>&)
     getline(basic_istream<_CharT, _Traits>&& __is,
     ^~~~~~~
/usr/include/c++/7/bits/basic_string.h:6330:5: note:   template argument deduction/substitution failed:
../src/Hash.cpp:22:19: note:   mismatched types ‘std::basic_istream<_CharT, _Traits>’ and ‘char [50]’
  getline(r.name,50);
                   ^
In file included from /usr/include/c++/7/string:52:0,
                 from /usr/include/c++/7/bits/locale_classes.h:40,
                 from /usr/include/c++/7/bits/ios_base.h:41,
                 from /usr/include/c++/7/ios:42,
                 from /usr/include/c++/7/ostream:38,
                 from /usr/include/c++/7/iostream:39,
                 from ../src/Hash.cpp:8:
/usr/include/c++/7/bits/basic_string.h:6323:5: note: candidate: template<class _CharT, class _Traits, class _Alloc> std::basic_istream<_CharT, _Traits>& std::getline(std::basic_istream<_CharT, _Traits>&&, std::__cxx11::basic_string<_CharT, _Traits, _Alloc>&, _CharT)
     getline(basic_istream<_CharT, _Traits>&& __is,
     ^~~~~~~
/usr/include/c++/7/bits/basic_string.h:6323:5: note:   template argument deduction/substitution failed:
../src/Hash.cpp:22:19: note:   mismatched types ‘std::basic_istream<_CharT, _Traits>’ and ‘char [50]’
  getline(r.name,50);
                   ^
In file included from /usr/include/c++/7/string:52:0,
                 from /usr/include/c++/7/bits/locale_classes.h:40,
                 from /usr/include/c++/7/bits/ios_base.h:41,
                 from /usr/include/c++/7/ios:42,
                 from /usr/include/c++/7/ostream:38,
                 from /usr/include/c++/7/iostream:39,
                 from ../src/Hash.cpp:8:
/usr/include/c++/7/bits/basic_string.h:6315:5: note: candidate: template<class _CharT, class _Traits, class _Alloc> std::basic_istream<_CharT, _Traits>& std::getline(std::basic_istream<_CharT, _Traits>&, std::__cxx11::basic_string<_CharT, _Traits, _Alloc>&)
     getline(basic_istream<_CharT, _Traits>& __is,
     ^~~~~~~
/usr/include/c++/7/bits/basic_string.h:6315:5: note:   template argument deduction/substitution failed:
../src/Hash.cpp:22:19: note:   mismatched types ‘std::basic_istream<_CharT, _Traits>’ and ‘char [50]’
  getline(r.name,50);
                   ^
In file included from /usr/include/c++/7/string:53:0,
                 from /usr/include/c++/7/bits/locale_classes.h:40,
                 from /usr/include/c++/7/bits/ios_base.h:41,
                 from /usr/include/c++/7/ios:42,
                 from /usr/include/c++/7/ostream:38,
                 from /usr/include/c++/7/iostream:39,
                 from ../src/Hash.cpp:8:
/usr/include/c++/7/bits/basic_string.tcc:1537:5: note: candidate: template<class _CharT, class _Traits, class _Alloc> std::basic_istream<_CharT, _Traits>& std::getline(std::basic_istream<_CharT, _Traits>&, std::__cxx11::basic_string<_CharT, _Traits, _Alloc>&, _CharT)
src/subdir.mk:21: recipe for target 'src/Hash.o' failed
     getline(basic_istream<_CharT, _Traits>& __in,
     ^~~~~~~
/usr/include/c++/7/bits/basic_string.tcc:1537:5: note:   template argument deduction/substitution failed:
../src/Hash.cpp:22:19: note:   mismatched types ‘std::basic_istream<_CharT, _Traits>’ and ‘char [50]’
  getline(r.name,50);
                   ^
In file included from /usr/include/x86_64-linux-gnu/bits/_G_config.h:19:0,
                 from /usr/include/x86_64-linux-gnu/bits/libio.h:35,
                 from /usr/include/stdio.h:41,
                 from /usr/include/c++/7/cstdio:42,
                 from /usr/include/c++/7/ext/string_conversions.h:43,
                 from /usr/include/c++/7/bits/basic_string.h:6352,
                 from /usr/include/c++/7/string:52,
                 from /usr/include/c++/7/bits/locale_classes.h:40,
                 from /usr/include/c++/7/bits/ios_base.h:41,
                 from /usr/include/c++/7/ios:42,
                 from /usr/include/c++/7/ostream:38,
                 from /usr/include/c++/7/iostream:39,
                 from ../src/Hash.cpp:8:
../src/Hash.cpp: In member function ‘Record Hash::search(long int)’:
../src/Hash.cpp:46:11: error: could not convert ‘0’ from ‘long int’ to ‘Record’
    return NULL;
           ^
../src/Hash.cpp:48:16: error: cannot convert ‘Record’ to ‘Record*’ in assignment
   r=hTable[hKey];
                ^
make: *** [src/Hash.o] Error 1
12:57:29 **** Incremental Build of configuration Debug for project Assignnment9 ****
make all 
Building file: ../src/Hash.cpp
Invoking: GCC C++ Compiler
g++ -O0 -g3 -Wall -c -fmessage-length=0 -MMD -MP -MF"src/Hash.d" -MT"src/Hash.o" -o "src/Hash.o" "../src/Hash.cpp"
../src/Hash.cpp: In member function ‘void Hash::insert()’:
../src/Hash.cpp:22:19: error: no matching function for call to ‘getline(char [50], int)’
  getline(r.name,50);
                   ^
In file included from /usr/include/c++/7/cstdio:42:0,
                 from /usr/include/c++/7/ext/string_conversions.h:43,
                 from /usr/include/c++/7/bits/basic_string.h:6352,
                 from /usr/include/c++/7/string:52,
                 from /usr/include/c++/7/bits/locale_classes.h:40,
                 from /usr/include/c++/7/bits/ios_base.h:41,
                 from /usr/include/c++/7/ios:42,
                 from /usr/include/c++/7/ostream:38,
                 from /usr/include/c++/7/iostream:39,
                 from ../src/Hash.cpp:8:
/usr/include/stdio.h:616:20: note: candidate: __ssize_t getline(char**, size_t*, FILE*)
 extern _IO_ssize_t getline (char **__restrict __lineptr,
                    ^~~~~~~
/usr/include/stdio.h:616:20: note:   candidate expects 3 arguments, 2 provided
In file included from /usr/include/c++/7/string:52:0,
                 from /usr/include/c++/7/bits/locale_classes.h:40,
                 from /usr/include/c++/7/bits/ios_base.h:41,
                 from /usr/include/c++/7/ios:42,
                 from /usr/include/c++/7/ostream:38,
                 from /usr/include/c++/7/iostream:39,
                 from ../src/Hash.cpp:8:
/usr/include/c++/7/bits/basic_string.h:6330:5: note: candidate: template<class _CharT, class _Traits, class _Alloc> std::basic_istream<_CharT, _Traits>& std::getline(std::basic_istream<_CharT, _Traits>&&, std::__cxx11::basic_string<_CharT, _Traits, _Alloc>&)
     getline(basic_istream<_CharT, _Traits>&& __is,
     ^~~~~~~
/usr/include/c++/7/bits/basic_string.h:6330:5: note:   template argument deduction/substitution failed:
../src/Hash.cpp:22:19: note:   mismatched types ‘std::basic_istream<_CharT, _Traits>’ and ‘char [50]’
  getline(r.name,50);
                   ^
In file included from /usr/include/c++/7/string:52:0,
                 from /usr/include/c++/7/bits/locale_classes.h:40,
                 from /usr/include/c++/7/bits/ios_base.h:41,
                 from /usr/include/c++/7/ios:42,
                 from /usr/include/c++/7/ostream:38,
                 from /usr/include/c++/7/iostream:39,
                 from ../src/Hash.cpp:8:
/usr/include/c++/7/bits/basic_string.h:6323:5: note: candidate: template<class _CharT, class _Traits, class _Alloc> std::basic_istream<_CharT, _Traits>& std::getline(std::basic_istream<_CharT, _Traits>&&, std::__cxx11::basic_string<_CharT, _Traits, _Alloc>&, _CharT)
     getline(basic_istream<_CharT, _Traits>&& __is,
     ^~~~~~~
/usr/include/c++/7/bits/basic_string.h:6323:5: note:   template argument deduction/substitution failed:
../src/Hash.cpp:22:19: note:   mismatched types ‘std::basic_istream<_CharT, _Traits>’ and ‘char [50]’
  getline(r.name,50);
                   ^
In file included from /usr/include/c++/7/string:52:0,
                 from /usr/include/c++/7/bits/locale_classes.h:40,
                 from /usr/include/c++/7/bits/ios_base.h:41,
                 from /usr/include/c++/7/ios:42,
                 from /usr/include/c++/7/ostream:38,
                 from /usr/include/c++/7/iostream:39,
                 from ../src/Hash.cpp:8:
/usr/include/c++/7/bits/basic_string.h:6315:5: note: candidate: template<class _CharT, class _Traits, class _Alloc> std::basic_istream<_CharT, _Traits>& std::getline(std::basic_istream<_CharT, _Traits>&, std::__cxx11::basic_string<_CharT, _Traits, _Alloc>&)
     getline(basic_istream<_CharT, _Traits>& __is,
     ^~~~~~~
/usr/include/c++/7/bits/basic_string.h:6315:5: note:   template argument deduction/substitution failed:
../src/Hash.cpp:22:19: note:   mismatched types ‘std::basic_istream<_CharT, _Traits>’ and ‘char [50]’
  getline(r.name,50);
                   ^
In file included from /usr/include/c++/7/string:53:0,
                 from /usr/include/c++/7/bits/locale_classes.h:40,
                 from /usr/include/c++/7/bits/ios_base.h:41,
                 from /usr/include/c++/7/ios:42,
                 from /usr/include/c++/7/ostream:38,
                 from /usr/include/c++/7/iostream:39,
                 from ../src/Hash.cpp:8:
/usr/include/c++/7/bits/basic_string.tcc:1537:5: note: candidate: template<class _CharT, class _Traits, class _Alloc> std::basic_istream<_CharT, _Traits>& std::getline(std::basic_istream<_CharT, _Traits>&, std::__cxx11::basic_string<_CharT, _Traits, _Alloc>&, _CharT)
     getline(basic_istream<_CharT, _Traits>& __in,
     ^~~~~~~
/usr/include/c++/7/bits/basic_string.tcc:1537:5: note:   template argument deduction/substitution failed:
../src/Hash.cpp:22:19: note:   mismatched types ‘std::basic_istream<_CharT, _Traits>’ and ‘char [50]’
  getline(r.name,50);
                   ^
In file included from /usr/include/x86_64-linux-gnu/bits/_G_config.h:19:0,
                 from /usr/include/x86_64-linux-gnu/bits/libio.h:35,
                 from /usr/include/stdio.h:41,
                 from /usr/include/c++/7/cstdio:42,
                 from /usr/include/c++/7/ext/string_conversions.h:43,
                 from /usr/include/c++/7/bits/basic_string.h:6352,
                 from /usr/include/c++/7/string:52,
                 from /usr/include/c++/7/bits/locale_classes.h:40,
                 from /usr/include/c++/7/bits/ios_base.h:41,
                 from /usr/include/c++/7/ios:42,
                 from /usr/include/c++/7/ostream:38,
                 from /usr/include/c++/7/iostream:39,
                 from ../src/Hash.cpp:8:
../src/Hash.cpp: In member function ‘Record Hash::search(long int)’:
../src/Hash.cpp:46:11: error: could not convert ‘0’ from ‘long int’ to ‘Record’
    return NULL;
           ^
src/subdir.mk:21: recipe for target 'src/Hash.o' failed
make: *** [src/Hash.o] Error 1
12:57:44 **** Incremental Build of configuration Debug for project Assignnment9 ****
make all 
Building file: ../src/Hash.cpp
Invoking: GCC C++ Compiler
g++ -O0 -g3 -Wall -c -fmessage-length=0 -MMD -MP -MF"src/Hash.d" -MT"src/Hash.o" -o "src/Hash.o" "../src/Hash.cpp"
../src/Hash.cpp: In member function ‘void Hash::insert()’:
../src/Hash.cpp:22:19: error: no matching function for call to ‘getline(char [50], int)’
  getline(r.name,50);
                   ^
In file included from /usr/include/c++/7/cstdio:42:0,
                 from /usr/include/c++/7/ext/string_conversions.h:43,
                 from /usr/include/c++/7/bits/basic_string.h:6352,
                 from /usr/include/c++/7/string:52,
                 from /usr/include/c++/7/bits/locale_classes.h:40,
                 from /usr/include/c++/7/bits/ios_base.h:41,
                 from /usr/include/c++/7/ios:42,
                 from /usr/include/c++/7/ostream:38,
                 from /usr/include/c++/7/iostream:39,
                 from ../src/Hash.cpp:8:
/usr/include/stdio.h:616:20: note: candidate: __ssize_t getline(char**, size_t*, FILE*)
 extern _IO_ssize_t getline (char **__restrict __lineptr,
                    ^~~~~~~
/usr/include/stdio.h:616:20: note:   candidate expects 3 arguments, 2 provided
In file included from /usr/include/c++/7/string:52:0,
                 from /usr/include/c++/7/bits/locale_classes.h:40,
                 from /usr/include/c++/7/bits/ios_base.h:41,
                 from /usr/include/c++/7/ios:42,
                 from /usr/include/c++/7/ostream:38,
                 from /usr/include/c++/7/iostream:39,
                 from ../src/Hash.cpp:8:
/usr/include/c++/7/bits/basic_string.h:6330:5: note: candidate: template<class _CharT, class _Traits, class _Alloc> std::basic_istream<_CharT, _Traits>& std::getline(std::basic_istream<_CharT, _Traits>&&, std::__cxx11::basic_string<_CharT, _Traits, _Alloc>&)
     getline(basic_istream<_CharT, _Traits>&& __is,
     ^~~~~~~
/usr/include/c++/7/bits/basic_string.h:6330:5: note:   template argument deduction/substitution failed:
../src/Hash.cpp:22:19: note:   mismatched types ‘std::basic_istream<_CharT, _Traits>’ and ‘char [50]’
  getline(r.name,50);
                   ^
In file included from /usr/include/c++/7/string:52:0,
                 from /usr/include/c++/7/bits/locale_classes.h:40,
                 from /usr/include/c++/7/bits/ios_base.h:41,
                 from /usr/include/c++/7/ios:42,
                 from /usr/include/c++/7/ostream:38,
                 from /usr/include/c++/7/iostream:39,
                 from ../src/Hash.cpp:8:
/usr/include/c++/7/bits/basic_string.h:6323:5: note: candidate: template<class _CharT, class _Traits, class _Alloc> std::basic_istream<_CharT, _Traits>& std::getline(std::basic_istream<_CharT, _Traits>&&, std::__cxx11::basic_string<_CharT, _Traits, _Alloc>&, _CharT)
     getline(basic_istream<_CharT, _Traits>&& __is,
     ^~~~~~~
/usr/include/c++/7/bits/basic_string.h:6323:5: note:   template argument deduction/substitution failed:
../src/Hash.cpp:22:19: note:   mismatched types ‘std::basic_istream<_CharT, _Traits>’ and ‘char [50]’
  getline(r.name,50);
                   ^
In file included from /usr/include/c++/7/string:52:0,
                 from /usr/include/c++/7/bits/locale_classes.h:40,
                 from /usr/include/c++/7/bits/ios_base.h:41,
                 from /usr/include/c++/7/ios:42,
                 from /usr/include/c++/7/ostream:38,
                 from /usr/include/c++/7/iostream:39,
                 from ../src/Hash.cpp:8:
/usr/include/c++/7/bits/basic_string.h:6315:5: note: candidate: template<class _CharT, class _Traits, class _Alloc> std::basic_istream<_CharT, _Traits>& std::getline(std::basic_istream<_CharT, _Traits>&, std::__cxx11::basic_string<_CharT, _Traits, _Alloc>&)
     getline(basic_istream<_CharT, _Traits>& __is,
     ^~~~~~~
/usr/include/c++/7/bits/basic_string.h:6315:5: note:   template argument deduction/substitution failed:
../src/Hash.cpp:22:19: note:   mismatched types ‘std::basic_istream<_CharT, _Traits>’ and ‘char [50]’
  getline(r.name,50);
                   ^
In file included from /usr/include/c++/7/string:53:0,
                 from /usr/include/c++/7/bits/locale_classes.h:40,
                 from /usr/include/c++/7/bits/ios_base.h:41,
                 from /usr/include/c++/7/ios:42,
                 from /usr/include/c++/7/ostream:38,
                 from /usr/include/c++/7/iostream:39,
                 from ../src/Hash.cpp:8:
/usr/include/c++/7/bits/basic_string.tcc:1537:5: note: candidate: template<class _CharT, class _Traits, class _Alloc> std::basic_istream<_CharT, _Traits>& std::getline(std::basic_istream<_CharT, _Traits>&, std::__cxx11::basic_string<_CharT, _Traits, _Alloc>&, _CharT)
     getline(basic_istream<_CharT, _Traits>& __in,
     ^~~~~~~
/usr/include/c++/7/bits/basic_string.tcc:1537:5: note:   template argument deduction/substitution failed:
../src/Hash.cpp:22:19: note:   mismatched types ‘std::basic_istream<_CharT, _Traits>’ and ‘char [50]’
  getline(r.name,50);
                   ^
In file included from /usr/include/x86_64-linux-gnu/bits/_G_config.h:19:0,
                 from /usr/include/x86_64-linux-gnu/bits/libio.h:35,
                 from /usr/include/stdio.h:41,
                 from /usr/include/c++/7/cstdio:42,
                 from /usr/include/c++/7/ext/string_conversions.h:43,
                 from /usr/include/c++/7/bits/basic_string.h:6352,
                 from /usr/include/c++/7/string:52,
                 from /usr/include/c++/7/bits/locale_classes.h:40,
                 from /usr/include/c++/7/bits/ios_base.h:41,
                 from /usr/include/c++/7/ios:42,
                 from /usr/include/c++/7/ostream:38,
                 from /usr/include/c++/7/iostream:39,
                 from ../src/Hash.cpp:8:
../src/Hash.cpp: In member function ‘Record Hash::search(long int)’:
../src/Hash.cpp:46:20: error: could not convert ‘0’ from ‘Record*’ to ‘Record’
    return (Record*)NULL;
                    ^
src/subdir.mk:21: recipe for target 'src/Hash.o' failed
make: *** [src/Hash.o] Error 1
12:58:21 **** Incremental Build of configuration Debug for project Assignnment9 ****
make all 
Building file: ../src/Hash.cpp
Invoking: GCC C++ Compiler
g++ -O0 -g3 -Wall -c -fmessage-length=0 -MMD -MP -MF"src/Hash.d" -MT"src/Hash.o" -o "src/Hash.o" "../src/Hash.cpp"
Finished building: ../src/Hash.cpp
 
Building target: Assignnment9
Invoking: GCC C++ Linker
g++  -o "Assignnment9"  ./src/Assignnment9.o ./src/Hash.o   
./src/Hash.o: In function `Hash::insert()':
/home/v4g4x/DSF_Lab/Assignnment9/Debug/../src/Hash.cpp:13: undefined reference to `Hash::isFull()'
./src/Hash.o: In function `Hash::dlete(long)':
/home/v4g4x/DSF_Lab/Assignnment9/Debug/../src/Hash.cpp:54: undefined reference to `Hash::isEmpty()'
collect2: error: ld returned 1 exit status
make: *** [Assignnment9] Error 1
makefile:45: recipe for target 'Assignnment9' failed
13:10:20 **** Incremental Build of configuration Debug for project Assignnment9 ****
make all 
Building file: ../src/Hash.cpp
Invoking: GCC C++ Compiler
g++ -O0 -g3 -Wall -c -fmessage-length=0 -MMD -MP -MF"src/Hash.d" -MT"src/Hash.o" -o "src/Hash.o" "../src/Hash.cpp"
Finished building: ../src/Hash.cpp
 
Building target: Assignnment9
Invoking: GCC C++ Linker
g++  -o "Assignnment9"  ./src/Assignnment9.o ./src/Hash.o   
Finished building target: Assignnment9
 
